<?xml version="1.0" encoding="UTF-8"?>
<!-- Generated by org.testng.reporters.JUnitXMLReporter -->
<testsuite ignored="0" hostname="LAPTOP-LAIP4DBU" failures="0" tests="3" name="Test3" time="144.3" errors="0" timestamp="2022-11-18T13:39:53 IST">
  <testcase classname="crossBrowserTesting.CrossBrowserTesting1" name="Dashboard" time="6.14"/>
  <testcase classname="crossBrowserTesting.CrossBrowserTesting1" name="PIM" time="22.262"/>
  <testcase classname="crossBrowserTesting.CrossBrowserTesting1" name="admin" time="34.43"/>
</testsuite> <!-- Test3 -->
