<?xml version="1.0" encoding="UTF-8"?>
<!-- Generated by org.testng.reporters.JUnitXMLReporter -->
<testsuite ignored="0" hostname="LAPTOP-LAIP4DBU" failures="0" tests="3" name="Test1" time="142.491" errors="0" timestamp="2022-11-18T13:39:52 IST">
  <testcase classname="crossBrowserTesting.CrossBrowserTesting1" name="Dashboard" time="5.595"/>
  <testcase classname="crossBrowserTesting.CrossBrowserTesting1" name="PIM" time="22.491"/>
  <testcase classname="crossBrowserTesting.CrossBrowserTesting1" name="admin" time="34.516"/>
</testsuite> <!-- Test1 -->
