<?xml version="1.0" encoding="UTF-8"?>
<!-- Generated by org.testng.reporters.JUnitXMLReporter -->
<testsuite ignored="0" hostname="LAPTOP-LAIP4DBU" failures="0" tests="3" name="Test2" time="156.255" errors="0" timestamp="2022-11-18T13:40:05 IST">
  <testcase classname="crossBrowserTesting.CrossBrowserTesting1" name="Dashboard" time="6.008"/>
  <testcase classname="crossBrowserTesting.CrossBrowserTesting1" name="PIM" time="22.965"/>
  <testcase classname="crossBrowserTesting.CrossBrowserTesting1" name="admin" time="35.426"/>
</testsuite> <!-- Test2 -->
